2015/05/24 20:41:36 にビルドを開始しました。
     1>ノード 2 上のプロジェクト "C:\Users\Masamitsu\Google ドライブ\就活\作品\Soul-Liberty\Soul-Liberty\Soul-Liberty.vcxproj" (Build ターゲット)。
     1>C:\Program Files (x86)\MSBuild\Microsoft.Cpp\v4.0\V120\Microsoft.CppBuild.targets(364,5): warning MSB8004: Output Directory does not end with a trailing slash.  This build instance will add the slash as it is required to allow proper evaluation of the Output Directory.
     1>ClCompile:
         C:\Program Files (x86)\Microsoft Visual Studio 12.0\VC\bin\CL.exe /c /ZI /nologo /W4 /WX- /sdl /Od /Oy- /D WIN32 /D _DEBUG /D _WINDOWS /D _UNICODE /D UNICODE /Gm /EHsc /RTC1 /MTd /GS /fp:precise /Zc:wchar_t /Zc:forScope /Fo"Debug\\" /Fd"Debug\vc120.pdb" /Gd /TP /analyze- /errorReport:prompt Camera.cpp
         Camera.cpp
       Link:
         C:\Program Files (x86)\Microsoft Visual Studio 12.0\VC\bin\link.exe /ERRORREPORT:PROMPT /OUT:"..\bin\Soul-Liberty.exe" /INCREMENTAL /NOLOGO kernel32.lib user32.lib gdi32.lib winspool.lib comdlg32.lib advapi32.lib shell32.lib ole32.lib oleaut32.lib uuid.lib odbc32.lib odbccp32.lib /MANIFEST /MANIFESTUAC:"level='asInvoker' uiAccess='false'" /manifest:embed /DEBUG /PDB:"..\bin\Soul-Liberty.pdb" /SUBSYSTEM:WINDOWS /TLBID:1 /DYNAMICBASE /NXCOMPAT /IMPLIB:"..\bin\Soul-Liberty.lib" /MACHINE:X86 Debug\RC.res
         Debug\Actor.obj
         Debug\Boneyard.obj
         Debug\BossActor.obj
         Debug\BossManager.obj
         Debug\Barrier.obj
         Debug\Breath.obj
         Debug\Camera.obj
         Debug\Castle.obj
         Debug\CharacterController.obj
         Debug\ClearCastleEvent.obj
         Debug\ClearManager.obj
         Debug\ClearMobPeople.obj
         Debug\ClearSoul.obj
         Debug\Collision.obj
         Debug\Combine.obj
         Debug\CombineSoul.obj
         Debug\CreateEnemy.obj
         Debug\DarknessSword.obj
         Debug\DescriptionBoard.obj
         Debug\Devil.obj
         Debug\BossAttackState.obj
         Debug\DoorLeft.obj
         Debug\DoorManager.obj
         Debug\DoorRight.obj
         Debug\Dragon.obj
         Debug\EndRollManager.obj
         Debug\EnemyActor.obj
         Debug\EnemyAttack.obj
         Debug\EnemyMob.obj
         Debug\EnemyMobPeople.obj
         Debug\FireEffect.obj
         Debug\Flame.obj
         Debug\FlyBreath.obj
         Debug\GameObjectHousing.obj
         Debug\GameOpening.obj
         Debug\GameStage.obj
         Debug\InputNameEvent.obj
         Debug\King.obj
         Debug\MagicAttack.obj
         Debug\MagicBullet.obj
         Debug\MagicSoul.obj
         Debug\Mob.obj
         Debug\MobToEnemyMob.obj
         Debug\MonsterCastle.obj
         Debug\MonsterEvent.obj
         Debug\ObjectDelete.obj
         Debug\OpeningCamera.obj
         Debug\OpeningRecovery.obj
         Debug\OpeningSoul.obj
         Debug\MobPeople.obj
         Debug\OpeningSoulFixing.obj
         Debug\PlayerEvent.obj
         Debug\InputName.obj
         Debug\PlayerStartEvent.obj
         Debug\PrologueDevil.obj
         Debug\PrologueDevilMagic.obj
         Debug\SlimeActor.obj
         Debug\EnemyHitAction.obj
         Debug\EnemyManager.obj
         Debug\Fence.obj
         Debug\FootSmoke.obj
         Debug\Golem.obj
         Debug\MagicSoldier.obj
         Debug\SlimeAttack.obj
         Debug\SlimeBlack.obj
         Debug\SlimeBlue.obj
         Debug\SlimeRed.obj
         Debug\MonsterActor.obj
         Debug\MonsterCall.obj
         Debug\MonsterManager.obj
         Debug\FireKnight.obj
         Debug\Floor.obj
         Debug\FPS.obj
         Debug\GameApplication.obj
         Debug\GameManager.obj
         Debug\Light.obj
         Debug\Main.obj
         Debug\MapRead.obj
         Debug\Model.obj
         Debug\Particle.obj
         Debug\Player.obj
         Debug\GraphicAnimation.obj
         Debug\PlayerAttack.obj
         Debug\PlayerAvoidance.obj
         Debug\PlayerCamera.obj
         Debug\PlayerDamage.obj
         Debug\PlayerGravity.obj
         Debug\PlayerHpGauge.obj
         Debug\PlayerJump.obj
         Debug\PlayerMove.obj
         Debug\PlayerSpecialAttack.obj
         Debug\PrologueManager.obj
         Debug\Resource.obj
         Debug\Scene.obj
         Debug\BackGround.obj
         Debug\Soul.obj
         Debug\SoulParticle.obj
         Debug\SoulRelease.obj
         Debug\Spirit.obj
         Debug\Task.obj
         Debug\TitleKeyEvent.obj
         Debug\TitleLogo.obj
         Debug\TitleManager.obj
         Debug\Tombstone.obj
         Debug\Transform.obj
         Debug\Tree.obj
         Debug\Utility.obj
         Debug\Vampire.obj
         Debug\WaterGun.obj
         Debug\WaterParticle.obj
         Debug\WaterShark.obj
         Debug\WeaponAttack.obj
         Debug\WeaponSoldier.obj
         Soul-Liberty.vcxproj -> C:\Users\Masamitsu\Google ドライブ\就活\作品\Soul-Liberty\Soul-Liberty\..\bin\Soul-Liberty.exe
     1>プロジェクト "C:\Users\Masamitsu\Google ドライブ\就活\作品\Soul-Liberty\Soul-Liberty\Soul-Liberty.vcxproj" (Build ターゲット) のビルドが完了しました。

ビルドに成功しました。

経過時間 00:00:08.18
